  Reading Qt configuration (C:/Qt/6.2.3/msvc2019_64/bin/qmake)
  Generate moc_predefs.h
  Uic'ing huarongdao.ui...
  Uic'ing huarongdaolevelselectwidget.ui...
  Uic'ing saolei.ui...
  Uic'ing saoleidialog.ui...
  Uic'ing shuerte.ui...
  Uic'ing shuertelevelselectwidget.ui...
  Uic'ing snakel.ui...
  Uic'ing twozerofoureight.ui...
  Rcc'ing myimage.qrc...
  Moc'ing huarongdao.h...
  Moc'ing huarongdaogamepanelwidget.h...
  Moc'ing huarongdaolevelselectwidget.h...
  Moc'ing saolei.h...
  Moc'ing saoleidialog.h...
  Moc'ing shuerte.h...
  Moc'ing shuertegamepanelwidget.h...
  Moc'ing shuertelevelselectwidget.h...
  Moc'ing snakel.h...
  Moc'ing twozerofoureight.h...
  huarongdao.cpp
  huarongdaogamepanelwidget.cpp
  huarongdaolevelselectwidget.cpp
  main.cpp
  saolei-item.cpp
  saolei.cpp
  saoleidialog.cpp
  shuerte.cpp
  shuertegamepanelwidget.cpp
  shuertelevelselectwidget.cpp
  snakel.cpp
  twozerofoureight.cpp
  qrc_myimage.cpp
  moc_huarongdao.cpp
  moc_huarongdaogamepanelwidget.cpp
  moc_huarongdaolevelselectwidget.cpp
  moc_saolei.cpp
  moc_saoleidialog.cpp
  moc_shuerte.cpp
  moc_shuertegamepanelwidget.cpp
  moc_shuertelevelselectwidget.cpp
  moc_snakel.cpp
  moc_twozerofoureight.cpp
moc_snakel.obj : error LNK2019: 无法解析的外部符号 "private: void __cdecl snakel::on_pushButton_clicked(void)" (?on_pushButton_clicked@snakel@@AEAAXXZ)，函数 "public: virtual int __cdecl snakel::qt_metacall(enum QMetaObject::Call,int,void * *)" (?qt_metacall@snakel@@UEAAHW4Call@QMetaObject@@HPEAPEAX@Z) 中引用了该符号
moc_snakel.obj : error LNK2019: 无法解析的外部符号 "private: void __cdecl snakel::on_pushButton_5_clicked(void)" (?on_pushButton_5_clicked@snakel@@AEAAXXZ)，函数 "public: virtual int __cdecl snakel::qt_metacall(enum QMetaObject::Call,int,void * *)" (?qt_metacall@snakel@@UEAAHW4Call@QMetaObject@@HPEAPEAX@Z) 中引用了该符号
debug\\snakel.exe : fatal error LNK1120: 2 个无法解析的外部命令
